[debug] [2021-11-12T02:20:52.042Z] ----------------------------------------------------------------------
[debug] [2021-11-12T02:20:52.051Z] Command:       C:\Program Files\nodejs\node.exe C:\Users\HCelaya\AppData\Roaming\npm\node_modules\firebase-tools\lib\bin\firebase.js init
[debug] [2021-11-12T02:20:52.054Z] CLI Version:   9.22.0
[debug] [2021-11-12T02:20:52.054Z] Platform:      win32
[debug] [2021-11-12T02:20:52.055Z] Node Version:  v16.13.0
[debug] [2021-11-12T02:20:52.061Z] Time:          Thu Nov 11 2021 23:20:52 GMT-0300 (hora de la Guayana Francesa)
[debug] [2021-11-12T02:20:52.062Z] ----------------------------------------------------------------------
[debug] 
[debug] [2021-11-12T02:20:52.103Z] > command requires scopes: ["email","openid","https://www.googleapis.com/auth/cloudplatformprojects.readonly","https://www.googleapis.com/auth/firebase","https://www.googleapis.com/auth/cloud-platform"]
[debug] [2021-11-12T02:20:52.105Z] > authorizing via signed-in user (hernaldo.celaya@gmail.com)
[info] 
     ######## #### ########  ######## ########     ###     ######  ########
     ##        ##  ##     ## ##       ##     ##  ##   ##  ##       ##
     ######    ##  ########  ######   ########  #########  ######  ######
     ##        ##  ##    ##  ##       ##     ## ##     ##       ## ##
     ##       #### ##     ## ######## ########  ##     ##  ######  ########

You're about to initialize a Firebase project in this directory:

  c:\Users\HCelaya\pf-taller-frontend

[info] 
=== Project Setup
[info] 
[info] First, let's associate this project directory with a Firebase project.
[info] You can create multiple project aliases by running firebase use --add, 
[info] but for now we'll just set up a default project.
[info] 
[debug] [2021-11-12T02:21:51.686Z] >>> [apiv2][query] GET https://firebase.googleapis.com/v1beta1/projects pageSize=100
[debug] [2021-11-12T02:21:53.004Z] <<< [apiv2][status] GET https://firebase.googleapis.com/v1beta1/projects 200
[debug] [2021-11-12T02:21:53.004Z] <<< [apiv2][body] GET https://firebase.googleapis.com/v1beta1/projects [omitted]
[info] i  Using project taller-app-2c046 (Taller App ) 
[info] 
=== Hosting Setup
[info] 
[info] Your public directory is the folder (relative to your project directory) that
[info] will contain Hosting assets to be uploaded with firebase deploy. If you
[info] have a build process for your assets, use your build's output directory.
[info] 
